<?xml version="1.0" encoding="UTF-8"?>
<!-- Generated by org.testng.reporters.JUnitReportReporter -->
<testsuite hostname="DESKTOP-HEPIDMH" failures="0" tests="1" name="com.maven.testdata.Mavendemo" time="11.147" errors="0" timestamp="23 Feb 2021 12:27:08 GMT" skipped="0">
  <testcase classname="com.maven.testdata.Mavendemo" name="Demotest" time="11.147"/>
</testsuite> <!-- com.maven.testdata.Mavendemo -->
