<?xml version="1.0" encoding="UTF-8"?>
<!-- Generated by org.testng.reporters.JUnitReportReporter -->
<testsuite hostname="DESKTOP-HEPIDMH" failures="0" tests="1" name="com.maven.testdata.Mavendemo" time="24.072" errors="0" timestamp="24 Feb 2021 15:24:54 GMT" skipped="0">
  <testcase classname="com.maven.testdata.Mavendemo" name="Demotest" time="24.072"/>
</testsuite> <!-- com.maven.testdata.Mavendemo -->
