<?xml version="1.0" encoding="UTF-8"?>
<!-- Generated by org.testng.reporters.JUnitReportReporter -->
<testsuite hostname="DESKTOP-HEPIDMH" name="com.maven.testdata.MavenFbDemo" tests="1" failures="0" timestamp="25 Feb 2021 13:59:16 GMT" time="14.311" errors="0">
  <testcase name="display" time="14.311" classname="com.maven.testdata.MavenFbDemo"/>
</testsuite> <!-- com.maven.testdata.MavenFbDemo -->
