<?xml version="1.0" encoding="UTF-8"?>
<!-- Generated by org.testng.reporters.JUnitReportReporter -->
<testsuite hostname="DESKTOP-HEPIDMH" name="com.maven.testdata.Mavendemo" tests="1" failures="0" timestamp="25 Feb 2021 13:59:16 GMT" time="28.006" errors="0">
  <testcase name="Demotest" time="28.006" classname="com.maven.testdata.Mavendemo"/>
</testsuite> <!-- com.maven.testdata.Mavendemo -->
